  1>Building Custom Rule E:/Projects/nlopt_example/CMakeLists.txt
  nmpc_main.cpp
D:\vcpkg\installed\x64-windows\include\Eigen\src/Core/arch/Default/Half.h(1,1): warning C4819: 该文件包含不能在当前代码页(936)中表示的字符。请将该文件保存为 Unicode 格式以防止数据丢失
D:\vcpkg\installed\x64-windows\include\Eigen\src/Core/arch/Default/BFloat16.h(1,1): warning C4819: 该文件包含不能在当前代码页(936)中表示的字符。请将该文件保存为 Unicode 格式以防止数据丢失
D:\vcpkg\installed\x64-windows\include\Eigen\src/Core/arch/Default/GenericPacketMathFunctions.h(676,1): warning C4819: 该文件包含不能在当前代码页(936)中表示的字符。请将该文件保存为 Unicode 格式以防止数据丢失
  nmpc_controller.cpp
D:\vcpkg\installed\x64-windows\include\Eigen\src/Core/arch/Default/Half.h(1,1): warning C4819: 该文件包含不能在当前代码页(936)中表示的字符。请将该文件保存为 Unicode 格式以防止数据丢失
D:\vcpkg\installed\x64-windows\include\Eigen\src/Core/arch/Default/BFloat16.h(1,1): warning C4819: 该文件包含不能在当前代码页(936)中表示的字符。请将该文件保存为 Unicode 格式以防止数据丢失
D:\vcpkg\installed\x64-windows\include\Eigen\src/Core/arch/Default/GenericPacketMathFunctions.h(676,1): warning C4819: 该文件包含不能在当前代码页(936)中表示的字符。请将该文件保存为 Unicode 格式以防止数据丢失
  vehicle_model.cpp
D:\vcpkg\installed\x64-windows\include\Eigen\src/Core/arch/Default/Half.h(1,1): warning C4819: 该文件包含不能在当前代码页(936)中表示的字符。请将该文件保存为 Unicode 格式以防止数据丢失
D:\vcpkg\installed\x64-windows\include\Eigen\src/Core/arch/Default/BFloat16.h(1,1): warning C4819: 该文件包含不能在当前代码页(936)中表示的字符。请将该文件保存为 Unicode 格式以防止数据丢失
D:\vcpkg\installed\x64-windows\include\Eigen\src/Core/arch/Default/GenericPacketMathFunctions.h(676,1): warning C4819: 该文件包含不能在当前代码页(936)中表示的字符。请将该文件保存为 Unicode 格式以防止数据丢失
  nmpc_utils.cpp
D:\vcpkg\installed\x64-windows\include\Eigen\src/Core/arch/Default/Half.h(1,1): warning C4819: 该文件包含不能在当前代码页(936)中表示的字符。请将该文件保存为 Unicode 格式以防止数据丢失
D:\vcpkg\installed\x64-windows\include\Eigen\src/Core/arch/Default/BFloat16.h(1,1): warning C4819: 该文件包含不能在当前代码页(936)中表示的字符。请将该文件保存为 Unicode 格式以防止数据丢失
D:\vcpkg\installed\x64-windows\include\Eigen\src/Core/arch/Default/GenericPacketMathFunctions.h(676,1): warning C4819: 该文件包含不能在当前代码页(936)中表示的字符。请将该文件保存为 Unicode 格式以防止数据丢失
  reference_trajectory_generator.cpp
D:\vcpkg\installed\x64-windows\include\Eigen\src/Core/arch/Default/Half.h(1,1): warning C4819: 该文件包含不能在当前代码页(936)中表示的字符。请将该文件保存为 Unicode 格式以防止数据丢失
D:\vcpkg\installed\x64-windows\include\Eigen\src/Core/arch/Default/BFloat16.h(1,1): warning C4819: 该文件包含不能在当前代码页(936)中表示的字符。请将该文件保存为 Unicode 格式以防止数据丢失
D:\vcpkg\installed\x64-windows\include\Eigen\src/Core/arch/Default/GenericPacketMathFunctions.h(676,1): warning C4819: 该文件包含不能在当前代码页(936)中表示的字符。请将该文件保存为 Unicode 格式以防止数据丢失
  obstacle.cpp
  正在生成代码...
  nmpc.vcxproj -> E:\Projects\nlopt_example\build\Release\nmpc.exe
  'pwsh.exe' 不是内部或外部命令，也不是可运行的程序
  或批处理文件。
