  nmpc_main.cpp
D:\library\vcpkg\installed\x64-windows\include\eigen3\Eigen\src\Core\arch\Default\Half.h(1,1): warning C4819: 该文件包含不能在当前代码页(936)中表示的字符。请将该文件保存为 Unicode 格式以防止数据丢失
  (编译源文件“../src/nmpc/nmpc_main.cpp”)
  
D:\library\vcpkg\installed\x64-windows\include\eigen3\Eigen\src\Core\arch\Default\BFloat16.h(1,1): warning C4819: 该文件包含不能在当前代码页(936)中表示的字符。请将该文件保存为 Unicode 格式以防止数据丢失
  (编译源文件“../src/nmpc/nmpc_main.cpp”)
  
D:\library\vcpkg\installed\x64-windows\include\eigen3\Eigen\src\Core\arch\Default\GenericPacketMathFunctions.h(676,1): warning C4819: 该文件包含不能在当前代码页(936)中表示的字符。请将该文件保存为 Unicode 格式以防止数据丢失
  (编译源文件“../src/nmpc/nmpc_main.cpp”)
  
  nmpc_controller.cpp
D:\library\vcpkg\installed\x64-windows\include\eigen3\Eigen\src\Core\arch\Default\Half.h(1,1): warning C4819: 该文件包含不能在当前代码页(936)中表示的字符。请将该文件保存为 Unicode 格式以防止数据丢失
  (编译源文件“../src/nmpc/nmpc_controller.cpp”)
  
D:\library\vcpkg\installed\x64-windows\include\eigen3\Eigen\src\Core\arch\Default\BFloat16.h(1,1): warning C4819: 该文件包含不能在当前代码页(936)中表示的字符。请将该文件保存为 Unicode 格式以防止数据丢失
  (编译源文件“../src/nmpc/nmpc_controller.cpp”)
  
D:\library\vcpkg\installed\x64-windows\include\eigen3\Eigen\src\Core\arch\Default\GenericPacketMathFunctions.h(676,1): warning C4819: 该文件包含不能在当前代码页(936)中表示的字符。请将该文件保存为 Unicode 格式以防止数据丢失
  (编译源文件“../src/nmpc/nmpc_controller.cpp”)
  
  vehicle_model.cpp
D:\library\vcpkg\installed\x64-windows\include\eigen3\Eigen\src\Core\arch\Default\Half.h(1,1): warning C4819: 该文件包含不能在当前代码页(936)中表示的字符。请将该文件保存为 Unicode 格式以防止数据丢失
  (编译源文件“../src/nmpc/vehicle_model.cpp”)
  
D:\library\vcpkg\installed\x64-windows\include\eigen3\Eigen\src\Core\arch\Default\BFloat16.h(1,1): warning C4819: 该文件包含不能在当前代码页(936)中表示的字符。请将该文件保存为 Unicode 格式以防止数据丢失
  (编译源文件“../src/nmpc/vehicle_model.cpp”)
  
D:\library\vcpkg\installed\x64-windows\include\eigen3\Eigen\src\Core\arch\Default\GenericPacketMathFunctions.h(676,1): warning C4819: 该文件包含不能在当前代码页(936)中表示的字符。请将该文件保存为 Unicode 格式以防止数据丢失
  (编译源文件“../src/nmpc/vehicle_model.cpp”)
  
  nmpc_utils.cpp
D:\library\vcpkg\installed\x64-windows\include\eigen3\Eigen\src\Core\arch\Default\Half.h(1,1): warning C4819: 该文件包含不能在当前代码页(936)中表示的字符。请将该文件保存为 Unicode 格式以防止数据丢失
  (编译源文件“../src/nmpc/nmpc_utils.cpp”)
  
D:\library\vcpkg\installed\x64-windows\include\eigen3\Eigen\src\Core\arch\Default\BFloat16.h(1,1): warning C4819: 该文件包含不能在当前代码页(936)中表示的字符。请将该文件保存为 Unicode 格式以防止数据丢失
  (编译源文件“../src/nmpc/nmpc_utils.cpp”)
  
D:\library\vcpkg\installed\x64-windows\include\eigen3\Eigen\src\Core\arch\Default\GenericPacketMathFunctions.h(676,1): warning C4819: 该文件包含不能在当前代码页(936)中表示的字符。请将该文件保存为 Unicode 格式以防止数据丢失
  (编译源文件“../src/nmpc/nmpc_utils.cpp”)
  
  reference_trajectory_generator.cpp
D:\library\vcpkg\installed\x64-windows\include\eigen3\Eigen\src\Core\arch\Default\Half.h(1,1): warning C4819: 该文件包含不能在当前代码页(936)中表示的字符。请将该文件保存为 Unicode 格式以防止数据丢失
  (编译源文件“../src/nmpc/reference_trajectory_generator.cpp”)
  
D:\library\vcpkg\installed\x64-windows\include\eigen3\Eigen\src\Core\arch\Default\BFloat16.h(1,1): warning C4819: 该文件包含不能在当前代码页(936)中表示的字符。请将该文件保存为 Unicode 格式以防止数据丢失
  (编译源文件“../src/nmpc/reference_trajectory_generator.cpp”)
  
D:\library\vcpkg\installed\x64-windows\include\eigen3\Eigen\src\Core\arch\Default\GenericPacketMathFunctions.h(676,1): warning C4819: 该文件包含不能在当前代码页(936)中表示的字符。请将该文件保存为 Unicode 格式以防止数据丢失
  (编译源文件“../src/nmpc/reference_trajectory_generator.cpp”)
  
  obstacle.cpp
  正在生成代码...
  nmpc.vcxproj -> D:\projects\nlopt_example\build\Debug\nmpc.exe
